Arguments: 
  C:\Program Files\nodejs\node.exe C:\Program Files\nodejs\node_modules\yarn\bin\yarn.js add --dev --exact prettier

PATH: 
  D:\ProgramFiles\Software\Git\mingw64\bin;D:\ProgramFiles\Software\Git\usr\bin;C:\Users\LENOVO\bin;C:\Windows\system32;C:\Windows;C:\Windows\System32\Wbem;C:\Windows\System32\WindowsPowerShell\v1.0;C:\Windows\System32\OpenSSH;C:\Program Files (x86)\NVIDIA Corporation\PhysX\Common;D:\ProgramFiles\Software\Bandizip;D:\ProgramFiles\Software\nvm;C:\Program Files\nodejs;D:\ProgramFiles\Software\Git\cmd;D:\ProgramFiles\Software\apache-maven-3.9.5\bin;D:\ProgramFiles\Software\Calibre2;D:\ProgramFiles\Software\Java\jdk-17\bin;C:\Users\LENOVO\AppData\Local\Microsoft\WindowsApps;D:\ProgramFiles\Software\Microsoft VS Code\bin;D:\ProgramFiles\Software\nvm;C:\Program Files\nodejs;D:\ProgramFiles\Software\IntelliJ IDEA Community Edition 2023.2.3\bin;D:\ProgramFiles\Software\mysql-8.1.0-winx64\bin

Yarn version: 
  1.22.19

Node version: 
  16.20.2

Platform: 
  win32 x64

Trace: 
  Error: connect ETIMEDOUT 104.16.27.34:443
      at TCPConnectWrap.afterConnect [as oncomplete] (node:net:1278:16)

npm manifest: 
  {
    "dependencies": {}
  }

yarn manifest: 
  No manifest

Lockfile: 
  # THIS IS AN AUTOGENERATED FILE. DO NOT EDIT THIS FILE DIRECTLY.
  # yarn lockfile v1
